running spark-averroes for dacapo/pmd
...
Generating the call graph from SparkAverroes.

Preparing classes ...
Adding application archive: /home/aec/Desktop/averroes-home/all-output-1.6/1/benchmarks-averroes/dacapo/pmd/organized-app.jar
Adding placeholder library archive: /home/aec/Desktop/averroes-home/all-output-1.6/1/benchmarks-averroes/dacapo/pmd/placeholder-lib.jar
Adding placeholder library archive: /home/aec/Desktop/averroes-home/all-output-1.6/1/benchmarks-averroes/dacapo/pmd/averroes-lib-class.jar
[Call Graph] For information on where the call graph may be incomplete, use the verbose option to the cg phase.
Total methods: 4445
Initially reachable methods: 4
Classes with at least one reachable method: 4
[Spark] Pointer Assignment Graph in 0.9 seconds.
Total types: 922
[Spark] Type masks in 0.0 seconds.
VarNodes: 18
FieldRefNodes: 2
AllocNodes: 4
Cleaning up graph for merged nodes
Done cleaning up graph for merged nodes
[Spark] Pointer Graph simplified in 0.0 seconds.
Worklist has 4 nodes.
Now handling field references
Worklist has 188 nodes.
Now handling field references
Worklist has 645 nodes.
Now handling field references
Worklist has 362 nodes.
Now handling field references
Worklist has 353 nodes.
Now handling field references
Worklist has 190 nodes.
Now handling field references
Worklist has 162 nodes.
Now handling field references
Worklist has 1 nodes.
Now handling field references
[Spark] Propagation in 9.7 seconds.
[Spark] Solution found in 9.9 seconds.
[Spark] Number of reachable methods: 2574
size of original spark is: 7546
Total time to finish: 14.67
=================================================
# edges = 5246
=================================================
maximum resident set size: 259068

