running spark-averroes for specjvm/jess
...
Generating the call graph from SparkAverroes.

Preparing classes ...
Adding application archive: /home/aec/Desktop/averroes-home/all-output-1.6/1/benchmarks-averroes/specjvm/jess/organized-app.jar
Adding placeholder library archive: /home/aec/Desktop/averroes-home/all-output-1.6/1/benchmarks-averroes/specjvm/jess/placeholder-lib.jar
Adding placeholder library archive: /home/aec/Desktop/averroes-home/all-output-1.6/1/benchmarks-averroes/specjvm/jess/averroes-lib-class.jar
[Call Graph] For information on where the call graph may be incomplete, use the verbose option to the cg phase.
Total methods: 980
Initially reachable methods: 7
Classes with at least one reachable method: 5
[Spark] Pointer Assignment Graph in 0.7 seconds.
Total types: 312
[Spark] Type masks in 0.0 seconds.
VarNodes: 18
FieldRefNodes: 3
AllocNodes: 7
Cleaning up graph for merged nodes
Done cleaning up graph for merged nodes
[Spark] Pointer Graph simplified in 0.0 seconds.
Worklist has 6 nodes.
Now handling field references
Worklist has 114 nodes.
Now handling field references
Worklist has 230 nodes.
Now handling field references
Worklist has 196 nodes.
Now handling field references
Worklist has 134 nodes.
Now handling field references
Worklist has 9 nodes.
Now handling field references
[Spark] Propagation in 3.7 seconds.
[Spark] Solution found in 3.8 seconds.
[Spark] Number of reachable methods: 828
size of original spark is: 3157
Total time to finish: 6.72
=================================================
# edges = 2355
=================================================
maximum resident set size: 195816

