running spark for specjvm/jess
...
Generating the call graph from Spark.

Preparing classes ...
Adding application archive: /home/aec/Desktop/averroes-home/all-output-1.6/1/benchmarks-averroes/specjvm/jess/organized-app.jar
Adding placeholder library archive: /home/aec/Desktop/averroes-home/all-output-1.6/1/benchmarks-averroes/specjvm/jess/organized-lib.jar
[Call Graph] For information on where the call graph may be incomplete, use the verbose option to the cg phase.
Total methods: 46191
Initially reachable methods: 12
Classes with at least one reachable method: 5
[Spark] Pointer Assignment Graph in 0.7 seconds.
Total types: 6534
[Spark] Type masks in 0.0 seconds.
VarNodes: 29
FieldRefNodes: 2
AllocNodes: 10
Cleaning up graph for merged nodes
Done cleaning up graph for merged nodes
[Spark] Pointer Graph simplified in 0.0 seconds.
Worklist has 9 nodes.
Now handling field references
Worklist has 2920 nodes.
Now handling field references
Worklist has 4069 nodes.
Now handling field references
Worklist has 4153 nodes.
Now handling field references
Worklist has 5102 nodes.
Now handling field references
Worklist has 3985 nodes.
Now handling field references
Worklist has 3728 nodes.
Now handling field references
Worklist has 3511 nodes.
Now handling field references
Worklist has 1434 nodes.
Now handling field references
Worklist has 635 nodes.
Now handling field references
Worklist has 322 nodes.
Now handling field references
Worklist has 145 nodes.
Now handling field references
Worklist has 18 nodes.
Now handling field references
[Spark] Propagation in 167.1 seconds.
[Spark] Solution found in 168.7 seconds.
[Spark] Number of reachable methods: 25343
size of original spark is: 152267
Total time to finish: 195.14
=================================================
# edges = 2412
=================================================
maximum resident set size: 2944652

