running doop for dacapo/xalan
...
Spawning process [/u/karim/workspace/doop/alt-run, 1.6, dacapo.xalan.Main2, all-output-1.6/1/benchmarks-averroes/dacapo/xalan/organized-app.jar, all-output-1.6/1/benchmarks-averroes/dacapo/xalan/organized-lib.jar]
clearing all cached results ...
running doop and generating output for graph generation for benchmark all-output-1.6/1/benchmarks-averroes/dacapo/xalan/organized-app.jar ...
running dacapo benchmark 
generating facts (all-output-1.6/1/benchmarks-averroes/dacapo/xalan/organized-app.jar -l all-output-1.6/1/benchmarks-averroes/dacapo/xalan/organized-lib.jar) in cache/input-facts/jre1.6/7803cdf88a4dd7fc6a169255ca27264b9d06f95a16b8685776638be769186b43 ...
Adding archive: all-output-1.6/1/benchmarks-averroes/dacapo/xalan/organized-app.jar
Adding archive for resolving: all-output-1.6/1/benchmarks-averroes/dacapo/xalan/organized-lib.jar
elapsed time: 119.03s
creating database in cache/input-database/jre1.6/7803cdf88a4dd7fc6a169255ca27264b9d06f95a16b8685776638be769186b43 ...
elapsed time: 1.77s
loading fact declarations ...
elapsed time: 3.22s
loading facts ...
elapsed time: 38.87s
setting main class to dacapo.xalan.Main2
loading context-insensitive declarations...
elapsed time: 6.18s
loading context-insensitive delta rules...
elapsed time: 8.04s
loading reflection delta rules...
elapsed time: 12.91s
loading client delta rules...
elapsed time: 4.90s
loading context-insensitive rules ...
MBBENCH logicblox START
elapsed time: 159.71s
MBBENCH logicblox STOP
making database available at results/context-insensitive/jre1.6/all-output-1.6/1/benchmarks-averroes/dacapo/xalan/organized-app.jar
making database available at last-analysis
array index points-to                     46554
call graph edges (context-insensitive)    62553
call graph edges (context-sensitive)      62563
instance field points-to                  17208184
reachable methods (context-insensitive)   11408
reachable methods (context-sensitive)     11408
reachable variables (context-insensitive) 91680
reachable variables (context-sensitive)   91680
static field points-to                    5942
retrieving call graph edges ...
elapsed time: 8.71s
retrieving reflective call graph edges ...
elapsed time: 7.11s
retrieving entry points ...
elapsed time: 6.32s
Total time to finish: 460.21
=================================================
# edges = 10091
=================================================
maximum resident set size: 25481952
making the database of doop available at all-output-1.6/1/callgraphs/dacapo/xalan/doop.tar.gz ...
tar: Removing leading `../' from member names
Disk usage stats: 512M	../doop/cache/analysis

