running spark-averroes for dacapo/antlr
...
Generating the call graph from SparkAverroes.

Preparing classes ...
Adding application archive: /home/aec/Desktop/averroes-home/all-output-1.6/1/benchmarks-averroes/dacapo/antlr/organized-app.jar
Adding placeholder library archive: /home/aec/Desktop/averroes-home/all-output-1.6/1/benchmarks-averroes/dacapo/antlr/placeholder-lib.jar
Adding placeholder library archive: /home/aec/Desktop/averroes-home/all-output-1.6/1/benchmarks-averroes/dacapo/antlr/averroes-lib-class.jar
[Call Graph] For information on where the call graph may be incomplete, use the verbose option to the cg phase.
Total methods: 2379
Initially reachable methods: 4
Classes with at least one reachable method: 4
[Spark] Pointer Assignment Graph in 1.2 seconds.
Total types: 402
[Spark] Type masks in 0.0 seconds.
VarNodes: 18
FieldRefNodes: 2
AllocNodes: 4
Cleaning up graph for merged nodes
Done cleaning up graph for merged nodes
[Spark] Pointer Graph simplified in 0.0 seconds.
Worklist has 4 nodes.
Now handling field references
Worklist has 286 nodes.
Now handling field references
Worklist has 457 nodes.
Now handling field references
Worklist has 300 nodes.
Now handling field references
Worklist has 2181 nodes.
Now handling field references
Worklist has 664 nodes.
Now handling field references
Worklist has 450 nodes.
Now handling field references
Worklist has 57 nodes.
Now handling field references
Worklist has 9 nodes.
Now handling field references
[Spark] Propagation in 15.5 seconds.
[Spark] Solution found in 15.7 seconds.
[Spark] Number of reachable methods: 1617
size of original spark is: 8838
Total time to finish: 20.96
=================================================
# edges = 6982
=================================================
maximum resident set size: 275136

