running doop for specjvm/compress
...
Spawning process [/u/karim/workspace/doop/alt-run, 1.6, spec.benchmarks._201_compress.Main, all-output-1.6/1/benchmarks-averroes/specjvm/compress/organized-app.jar, all-output-1.6/1/benchmarks-averroes/specjvm/compress/organized-lib.jar]
clearing all cached results ...
running doop and generating output for graph generation for benchmark all-output-1.6/1/benchmarks-averroes/specjvm/compress/organized-app.jar ...
running specjvm benchmark 
generating facts (all-output-1.6/1/benchmarks-averroes/specjvm/compress/organized-app.jar -l all-output-1.6/1/benchmarks-averroes/specjvm/compress/organized-lib.jar) in cache/input-facts/jre1.6/a46d468167dc2fb47dec81171bdee01039ec3351acd6dd2bba1e9bad74e18e12 ...
Adding archive: all-output-1.6/1/benchmarks-averroes/specjvm/compress/organized-app.jar
Adding archive for resolving: all-output-1.6/1/benchmarks-averroes/specjvm/compress/organized-lib.jar
elapsed time: 106.32s
creating database in cache/input-database/jre1.6/a46d468167dc2fb47dec81171bdee01039ec3351acd6dd2bba1e9bad74e18e12 ...
elapsed time: 1.71s
loading fact declarations ...
elapsed time: 3.25s
loading facts ...
elapsed time: 33.95s
setting main class to spec.benchmarks._201_compress.Main
loading context-insensitive declarations...
elapsed time: 5.83s
loading context-insensitive delta rules...
elapsed time: 7.22s
loading reflection delta rules...
elapsed time: 11.80s
loading client delta rules...
elapsed time: 4.67s
loading context-insensitive rules ...
MBBENCH logicblox START
elapsed time: 67.13s
MBBENCH logicblox STOP
making database available at results/context-insensitive/jre1.6/all-output-1.6/1/benchmarks-averroes/specjvm/compress/organized-app.jar
making database available at last-analysis
array index points-to                     13187
call graph edges (context-insensitive)    42896
call graph edges (context-sensitive)      42905
instance field points-to                  2057348
reachable methods (context-insensitive)   7881
reachable methods (context-sensitive)     7881
reachable variables (context-insensitive) 64493
reachable variables (context-sensitive)   64493
static field points-to                    2935
retrieving call graph edges ...
elapsed time: 7.69s
retrieving reflective call graph edges ...
elapsed time: 6.62s
retrieving entry points ...
elapsed time: 5.94s
Total time to finish: 332.43
=================================================
# edges = 53
=================================================
maximum resident set size: 24971728
making the database of doop available at all-output-1.6/1/callgraphs/specjvm/compress/doop.tar.gz ...
tar: Removing leading `../' from member names
Disk usage stats: 291M	../doop/cache/analysis

