running spark-averroes for specjvm/compress
...
Generating the call graph from SparkAverroes.

Preparing classes ...
Adding application archive: /home/aec/Desktop/averroes-home/all-output-1.6/1/benchmarks-averroes/specjvm/compress/organized-app.jar
Adding placeholder library archive: /home/aec/Desktop/averroes-home/all-output-1.6/1/benchmarks-averroes/specjvm/compress/placeholder-lib.jar
Adding placeholder library archive: /home/aec/Desktop/averroes-home/all-output-1.6/1/benchmarks-averroes/specjvm/compress/averroes-lib-class.jar
[Call Graph] For information on where the call graph may be incomplete, use the verbose option to the cg phase.
Total methods: 175
Initially reachable methods: 7
Classes with at least one reachable method: 5
[Spark] Pointer Assignment Graph in 0.7 seconds.
Total types: 112
[Spark] Type masks in 0.0 seconds.
VarNodes: 18
FieldRefNodes: 3
AllocNodes: 7
Cleaning up graph for merged nodes
Done cleaning up graph for merged nodes
[Spark] Pointer Graph simplified in 0.0 seconds.
Worklist has 6 nodes.
Now handling field references
Worklist has 56 nodes.
Now handling field references
Worklist has 4 nodes.
Now handling field references
[Spark] Propagation in 0.8 seconds.
[Spark] Solution found in 0.9 seconds.
[Spark] Number of reachable methods: 102
size of original spark is: 204
Total time to finish: 3.12
=================================================
# edges = 53
=================================================
maximum resident set size: 161180

