running doop for specjvm/db
...
Spawning process [/u/karim/workspace/doop/alt-run, 1.6, spec.benchmarks._209_db.Main, all-output-1.6/1/benchmarks-averroes/specjvm/db/organized-app.jar, all-output-1.6/1/benchmarks-averroes/specjvm/db/organized-lib.jar]
clearing all cached results ...
running doop and generating output for graph generation for benchmark all-output-1.6/1/benchmarks-averroes/specjvm/db/organized-app.jar ...
running specjvm benchmark 
generating facts (all-output-1.6/1/benchmarks-averroes/specjvm/db/organized-app.jar -l all-output-1.6/1/benchmarks-averroes/specjvm/db/organized-lib.jar) in cache/input-facts/jre1.6/e0ef6bd6f36f0bc1051a74efaaa77b290d7f4751ad3150de7cdc1013aa2da6e3 ...
Adding archive: all-output-1.6/1/benchmarks-averroes/specjvm/db/organized-app.jar
Adding archive for resolving: all-output-1.6/1/benchmarks-averroes/specjvm/db/organized-lib.jar
elapsed time: 104.90s
creating database in cache/input-database/jre1.6/e0ef6bd6f36f0bc1051a74efaaa77b290d7f4751ad3150de7cdc1013aa2da6e3 ...
elapsed time: 1.66s
loading fact declarations ...
elapsed time: 3.14s
loading facts ...
elapsed time: 33.27s
setting main class to spec.benchmarks._209_db.Main
loading context-insensitive declarations...
elapsed time: 5.80s
loading context-insensitive delta rules...
elapsed time: 7.07s
loading reflection delta rules...
elapsed time: 11.74s
loading client delta rules...
elapsed time: 4.45s
loading context-insensitive rules ...
MBBENCH logicblox START
elapsed time: 69.23s
MBBENCH logicblox STOP
making database available at results/context-insensitive/jre1.6/all-output-1.6/1/benchmarks-averroes/specjvm/db/organized-app.jar
making database available at last-analysis
array index points-to                     13346
call graph edges (context-insensitive)    43205
call graph edges (context-sensitive)      43214
instance field points-to                  2074792
reachable methods (context-insensitive)   7893
reachable methods (context-sensitive)     7893
reachable variables (context-insensitive) 64766
reachable variables (context-sensitive)   64766
static field points-to                    2964
retrieving call graph edges ...
elapsed time: 7.61s
retrieving reflective call graph edges ...
elapsed time: 6.51s
retrieving entry points ...
elapsed time: 6.15s
Total time to finish: 332.9
=================================================
# edges = 73
=================================================
maximum resident set size: 25285056
making the database of doop available at all-output-1.6/1/callgraphs/specjvm/db/doop.tar.gz ...
tar: Removing leading `../' from member names
Disk usage stats: 291M	../doop/cache/analysis

