running spark for specjvm/db
...
Generating the call graph from Spark.

Preparing classes ...
Adding application archive: /home/aec/Desktop/averroes-home/all-output-1.6/1/benchmarks-averroes/specjvm/db/organized-app.jar
Adding placeholder library archive: /home/aec/Desktop/averroes-home/all-output-1.6/1/benchmarks-averroes/specjvm/db/organized-lib.jar
[Call Graph] For information on where the call graph may be incomplete, use the verbose option to the cg phase.
Total methods: 45562
Initially reachable methods: 13
Classes with at least one reachable method: 6
[Spark] Pointer Assignment Graph in 0.8 seconds.
Total types: 6378
[Spark] Type masks in 0.0 seconds.
VarNodes: 29
FieldRefNodes: 2
AllocNodes: 10
Cleaning up graph for merged nodes
Done cleaning up graph for merged nodes
[Spark] Pointer Graph simplified in 0.0 seconds.
Worklist has 9 nodes.
Now handling field references
Worklist has 2870 nodes.
Now handling field references
Worklist has 4034 nodes.
Now handling field references
Worklist has 3034 nodes.
Now handling field references
Worklist has 4297 nodes.
Now handling field references
Worklist has 5139 nodes.
Now handling field references
Worklist has 3887 nodes.
Now handling field references
Worklist has 3170 nodes.
Now handling field references
Worklist has 1132 nodes.
Now handling field references
Worklist has 398 nodes.
Now handling field references
Worklist has 300 nodes.
Now handling field references
Worklist has 141 nodes.
Now handling field references
Worklist has 18 nodes.
Now handling field references
[Spark] Propagation in 161.9 seconds.
[Spark] Solution found in 163.7 seconds.
[Spark] Number of reachable methods: 24743
size of original spark is: 145972
Total time to finish: 191.87
=================================================
# edges = 72
=================================================
maximum resident set size: 2726760

