running spark-averroes for specjvm/raytrace
...
Generating the call graph from SparkAverroes.

Preparing classes ...
Adding application archive: /home/aec/Desktop/averroes-home/all-output-1.6/1/benchmarks-averroes/specjvm/raytrace/organized-app.jar
Adding placeholder library archive: /home/aec/Desktop/averroes-home/all-output-1.6/1/benchmarks-averroes/specjvm/raytrace/placeholder-lib.jar
Adding placeholder library archive: /home/aec/Desktop/averroes-home/all-output-1.6/1/benchmarks-averroes/specjvm/raytrace/averroes-lib-class.jar
[Call Graph] For information on where the call graph may be incomplete, use the verbose option to the cg phase.
Total methods: 345
Initially reachable methods: 8
Classes with at least one reachable method: 6
[Spark] Pointer Assignment Graph in 0.9 seconds.
Total types: 140
[Spark] Type masks in 0.0 seconds.
VarNodes: 21
FieldRefNodes: 3
AllocNodes: 6
Cleaning up graph for merged nodes
Done cleaning up graph for merged nodes
[Spark] Pointer Graph simplified in 0.0 seconds.
Worklist has 7 nodes.
Now handling field references
Worklist has 164 nodes.
Now handling field references
Worklist has 127 nodes.
Now handling field references
Worklist has 28 nodes.
Now handling field references
[Spark] Propagation in 1.9 seconds.
[Spark] Solution found in 2.0 seconds.
[Spark] Number of reachable methods: 254
size of original spark is: 672
Total time to finish: 4.56
=================================================
# edges = 435
=================================================
maximum resident set size: 173756

