running doop for dacapo/hsqldb
...
Spawning process [/u/karim/workspace/doop/alt-run, 1.6, org.hsqldb.hsqldbDoopDriver, all-output-1.6/1/benchmarks-averroes/dacapo/hsqldb/organized-app.jar, all-output-1.6/1/benchmarks-averroes/dacapo/hsqldb/organized-lib.jar]
clearing all cached results ...
running doop and generating output for graph generation for benchmark all-output-1.6/1/benchmarks-averroes/dacapo/hsqldb/organized-app.jar ...
running dacapo benchmark 
adding dynamic file benchmarks/dacapo/hsqldb.dynamic
generating facts (all-output-1.6/1/benchmarks-averroes/dacapo/hsqldb/organized-app.jar -l all-output-1.6/1/benchmarks-averroes/dacapo/hsqldb/organized-lib.jar) in cache/input-facts/jre1.6/971ee244d4b75beae7dcf09ccd0d5fb8dc7c2074868f7155b9ed013e1c940f2e ...
Adding archive: all-output-1.6/1/benchmarks-averroes/dacapo/hsqldb/organized-app.jar
Adding archive for resolving: all-output-1.6/1/benchmarks-averroes/dacapo/hsqldb/organized-lib.jar
elapsed time: 125.99s
creating database in cache/input-database/jre1.6/971ee244d4b75beae7dcf09ccd0d5fb8dc7c2074868f7155b9ed013e1c940f2e ...
elapsed time: 1.72s
loading fact declarations ...
elapsed time: 3.20s
loading facts ...
elapsed time: 40.66s
setting main class to org.hsqldb.hsqldbDoopDriver
loading context-insensitive declarations...
elapsed time: 6.33s
loading context-insensitive delta rules...
elapsed time: 7.91s
loading reflection delta rules...
elapsed time: 13.89s
loading client delta rules...
elapsed time: 5.16s
loading context-insensitive rules ...
MBBENCH logicblox START
elapsed time: 76.02s
MBBENCH logicblox STOP
making database available at results/context-insensitive/jre1.6/all-output-1.6/1/benchmarks-averroes/dacapo/hsqldb/organized-app.jar
making database available at last-analysis
array index points-to                     46761
call graph edges (context-insensitive)    56601
call graph edges (context-sensitive)      56613
instance field points-to                  2729075
reachable methods (context-insensitive)   10510
reachable methods (context-sensitive)     10510
reachable variables (context-insensitive) 89245
reachable variables (context-sensitive)   89245
static field points-to                    3461
retrieving call graph edges ...
elapsed time: 8.68s
retrieving reflective call graph edges ...
elapsed time: 7.34s
retrieving entry points ...
elapsed time: 6.31s
Total time to finish: 385.94
=================================================
# edges = 7059
=================================================
maximum resident set size: 25494752
making the database of doop available at all-output-1.6/1/callgraphs/dacapo/hsqldb/doop.tar.gz ...
tar: Removing leading `../' from member names
Disk usage stats: 346M	../doop/cache/analysis

