running doop for dacapo/bloat
...
Spawning process [/u/karim/workspace/doop/alt-run, 1.6, dacapo.bloat.Main2, all-output-1.6/1/benchmarks-averroes/dacapo/bloat/organized-app.jar, all-output-1.6/1/benchmarks-averroes/dacapo/bloat/organized-lib.jar]
clearing all cached results ...
running doop and generating output for graph generation for benchmark all-output-1.6/1/benchmarks-averroes/dacapo/bloat/organized-app.jar ...
running dacapo benchmark 
generating facts (all-output-1.6/1/benchmarks-averroes/dacapo/bloat/organized-app.jar -l all-output-1.6/1/benchmarks-averroes/dacapo/bloat/organized-lib.jar) in cache/input-facts/jre1.6/4a2b4d762f24cec8d186b8fceabf0dda4ad75c81df78409741740594c431f6cc ...
Adding archive: all-output-1.6/1/benchmarks-averroes/dacapo/bloat/organized-app.jar
Adding archive for resolving: all-output-1.6/1/benchmarks-averroes/dacapo/bloat/organized-lib.jar
elapsed time: 59.35s
creating database in cache/input-database/jre1.6/4a2b4d762f24cec8d186b8fceabf0dda4ad75c81df78409741740594c431f6cc ...
elapsed time: 1.77s
loading fact declarations ...
elapsed time: 3.21s
loading facts ...
elapsed time: 19.90s
setting main class to dacapo.bloat.Main2
loading context-insensitive declarations...
elapsed time: 4.47s
loading context-insensitive delta rules...
elapsed time: 5.67s
loading reflection delta rules...
elapsed time: 7.36s
loading client delta rules...
elapsed time: 3.53s
loading context-insensitive rules ...
MBBENCH logicblox START
elapsed time: 88.98s
MBBENCH logicblox STOP
making database available at results/context-insensitive/jre1.6/all-output-1.6/1/benchmarks-averroes/dacapo/bloat/organized-app.jar
making database available at last-analysis
array index points-to                     21315
call graph edges (context-insensitive)    74458
call graph edges (context-sensitive)      74467
instance field points-to                  2804166
reachable methods (context-insensitive)   10641
reachable methods (context-sensitive)     10641
reachable variables (context-insensitive) 93819
reachable variables (context-sensitive)   93819
static field points-to                    3163
retrieving call graph edges ...
elapsed time: 7.25s
retrieving reflective call graph edges ...
elapsed time: 5.22s
retrieving entry points ...
elapsed time: 4.87s
Total time to finish: 270.3
=================================================
# edges = 13358
=================================================
maximum resident set size: 19305088
making the database of doop available at all-output-1.6/1/callgraphs/dacapo/bloat/doop.tar.gz ...
tar: Removing leading `../' from member names
Disk usage stats: 263M	../doop/cache/analysis

